TN:
SF:LinkedList.js
FN:2,(anonymous_0)
FN:7,(anonymous_1)
FN:12,(anonymous_2)
FN:23,(anonymous_3)
FN:44,(anonymous_4)
FN:51,(anonymous_5)
FNF:6
FNH:5
FNDA:2,(anonymous_0)
FNDA:5,(anonymous_1)
FNDA:0,(anonymous_2)
FNDA:1,(anonymous_3)
FNDA:5,(anonymous_4)
FNDA:1,(anonymous_5)
DA:3,2
DA:4,2
DA:8,5
DA:9,5
DA:13,0
DA:14,0
DA:16,0
DA:17,0
DA:18,0
DA:20,0
DA:24,1
DA:25,1
DA:26,1
DA:29,1
DA:32,3
DA:33,3
DA:35,3
DA:36,3
DA:39,1
DA:45,5
DA:46,5
DA:47,5
DA:51,1
DA:52,1
DA:53,1
DA:54,3
DA:56,1
DA:59,1
LF:28
LH:22
BRF:0
BRH:0
end_of_record
